2022-08-21 09:28:34,883:laptop:WARNING:Invalid input params: {'json': {'name': ['Unknown field.']}}
2022-08-21 10:03:16,137:laptop:ERROR:Exception on / [GET]
Traceback (most recent call last):
  File "C:\Users\alexw\.virtualenvs\tgkmdk-PGzMFSJI\lib\site-packages\flask\app.py", line 2525, in wsgi_app
    response = self.full_dispatch_request()
  File "C:\Users\alexw\.virtualenvs\tgkmdk-PGzMFSJI\lib\site-packages\flask\app.py", line 1822, in full_dispatch_request
    rv = self.handle_user_exception(e)
  File "C:\Users\alexw\.virtualenvs\tgkmdk-PGzMFSJI\lib\site-packages\flask\app.py", line 1820, in full_dispatch_request
    rv = self.dispatch_request()
  File "C:\Users\alexw\.virtualenvs\tgkmdk-PGzMFSJI\lib\site-packages\flask\app.py", line 1796, in dispatch_request
    return self.ensure_sync(self.view_functions[rule.endpoint])(**view_args)
  File "C:\Users\alexw\PycharmProjects\tgkmdk\laptop\main\views.py", line 24, in basic
    return render_template('basic.html')
  File "C:\Users\alexw\.virtualenvs\tgkmdk-PGzMFSJI\lib\site-packages\flask\templating.py", line 146, in render_template
    template = app.jinja_env.get_or_select_template(template_name_or_list)
  File "C:\Users\alexw\.virtualenvs\tgkmdk-PGzMFSJI\lib\site-packages\jinja2\environment.py", line 1081, in get_or_select_template
    return self.get_template(template_name_or_list, parent, globals)
  File "C:\Users\alexw\.virtualenvs\tgkmdk-PGzMFSJI\lib\site-packages\jinja2\environment.py", line 1010, in get_template
    return self._load_template(name, globals)
  File "C:\Users\alexw\.virtualenvs\tgkmdk-PGzMFSJI\lib\site-packages\jinja2\environment.py", line 969, in _load_template
    template = self.loader.load(self, name, self.make_globals(globals))
  File "C:\Users\alexw\.virtualenvs\tgkmdk-PGzMFSJI\lib\site-packages\jinja2\loaders.py", line 126, in load
    source, filename, uptodate = self.get_source(environment, name)
  File "C:\Users\alexw\.virtualenvs\tgkmdk-PGzMFSJI\lib\site-packages\flask\templating.py", line 62, in get_source
    return self._get_source_fast(environment, template)
  File "C:\Users\alexw\.virtualenvs\tgkmdk-PGzMFSJI\lib\site-packages\flask\templating.py", line 98, in _get_source_fast
    raise TemplateNotFound(template)
jinja2.exceptions.TemplateNotFound: basic.html
